{"D:\\ReactProjects\\fullstackopen\\part2\\notes\\src\\App.jsx": {"path":"D:\\ReactProjects\\fullstackopen\\part2\\notes\\src\\App.jsx","statementMap":{"0":{"start":{"line":11,"column":12},"end":{"line":133,"column":1}},"1":{"start":{"line":12,"column":28},"end":{"line":12,"column":40}},"2":{"start":{"line":13,"column":32},"end":{"line":13,"column":46}},"3":{"start":{"line":14,"column":42},"end":{"line":14,"column":56}},"4":{"start":{"line":15,"column":34},"end":{"line":15,"column":46}},"5":{"start":{"line":16,"column":34},"end":{"line":16,"column":46}},"6":{"start":{"line":17,"column":22},"end":{"line":17,"column":30}},"7":{"start":{"line":18,"column":26},"end":{"line":18,"column":40}},"8":{"start":{"line":19,"column":2},"end":{"line":24,"column":9}},"9":{"start":{"line":20,"column":4},"end":{"line":23,"column":7}},"10":{"start":{"line":21,"column":6},"end":{"line":21,"column":25}},"11":{"start":{"line":22,"column":6},"end":{"line":22,"column":22}},"12":{"start":{"line":25,"column":2},"end":{"line":32,"column":9}},"13":{"start":{"line":26,"column":27},"end":{"line":26,"column":75}},"14":{"start":{"line":27,"column":4},"end":{"line":31,"column":5}},"15":{"start":{"line":28,"column":19},"end":{"line":28,"column":45}},"16":{"start":{"line":29,"column":6},"end":{"line":29,"column":20}},"17":{"start":{"line":30,"column":6},"end":{"line":30,"column":39}},"18":{"start":{"line":33,"column":18},"end":{"line":38,"column":3}},"19":{"start":{"line":34,"column":4},"end":{"line":34,"column":43}},"20":{"start":{"line":35,"column":4},"end":{"line":37,"column":7}},"21":{"start":{"line":36,"column":6},"end":{"line":36,"column":43}},"22":{"start":{"line":39,"column":22},"end":{"line":39,"column":78}},"23":{"start":{"line":39,"column":63},"end":{"line":39,"column":77}},"24":{"start":{"line":40,"column":29},"end":{"line":62,"column":3}},"25":{"start":{"line":42,"column":16},"end":{"line":42,"column":51}},"26":{"start":{"line":43,"column":17},"end":{"line":43,"column":53}},"27":{"start":{"line":43,"column":38},"end":{"line":43,"column":52}},"28":{"start":{"line":44,"column":24},"end":{"line":47,"column":5}},"29":{"start":{"line":48,"column":4},"end":{"line":61,"column":9}},"30":{"start":{"line":51,"column":8},"end":{"line":51,"column":77}},"31":{"start":{"line":51,"column":38},"end":{"line":51,"column":74}},"32":{"start":{"line":54,"column":8},"end":{"line":56,"column":10}},"33":{"start":{"line":57,"column":8},"end":{"line":59,"column":17}},"34":{"start":{"line":58,"column":10},"end":{"line":58,"column":32}},"35":{"start":{"line":60,"column":8},"end":{"line":60,"column":51}},"36":{"start":{"line":60,"column":37},"end":{"line":60,"column":48}},"37":{"start":{"line":63,"column":22},"end":{"line":82,"column":3}},"38":{"start":{"line":64,"column":4},"end":{"line":64,"column":27}},"39":{"start":{"line":65,"column":4},"end":{"line":65,"column":55}},"40":{"start":{"line":66,"column":4},"end":{"line":81,"column":5}},"41":{"start":{"line":67,"column":19},"end":{"line":70,"column":8}},"42":{"start":{"line":71,"column":6},"end":{"line":71,"column":77}},"43":{"start":{"line":72,"column":6},"end":{"line":72,"column":39}},"44":{"start":{"line":73,"column":6},"end":{"line":73,"column":20}},"45":{"start":{"line":74,"column":6},"end":{"line":74,"column":22}},"46":{"start":{"line":75,"column":6},"end":{"line":75,"column":22}},"47":{"start":{"line":77,"column":6},"end":{"line":77,"column":43}},"48":{"start":{"line":78,"column":6},"end":{"line":80,"column":15}},"49":{"start":{"line":79,"column":8},"end":{"line":79,"column":30}},"50":{"start":{"line":84,"column":20},"end":{"line":96,"column":3}},"51":{"start":{"line":85,"column":4},"end":{"line":95,"column":6}},"52":{"start":{"line":90,"column":48},"end":{"line":90,"column":73}},"53":{"start":{"line":91,"column":48},"end":{"line":91,"column":73}},"54":{"start":{"line":98,"column":19},"end":{"line":102,"column":3}},"55":{"start":{"line":99,"column":4},"end":{"line":101,"column":15}},"56":{"start":{"line":104,"column":2},"end":{"line":132,"column":4}},"57":{"start":{"line":117,"column":31},"end":{"line":117,"column":51}},"58":{"start":{"line":123,"column":10},"end":{"line":127,"column":12}},"59":{"start":{"line":126,"column":36},"end":{"line":126,"column":63}}},"fnMap":{"0":{"name":"(anonymous_0)","decl":{"start":{"line":11,"column":12},"end":{"line":11,"column":13}},"loc":{"start":{"line":11,"column":23},"end":{"line":133,"column":1}},"line":11},"1":{"name":"(anonymous_1)","decl":{"start":{"line":19,"column":12},"end":{"line":19,"column":13}},"loc":{"start":{"line":19,"column":18},"end":{"line":24,"column":3}},"line":19},"2":{"name":"(anonymous_2)","decl":{"start":{"line":20,"column":30},"end":{"line":20,"column":31}},"loc":{"start":{"line":20,"column":41},"end":{"line":23,"column":5}},"line":20},"3":{"name":"(anonymous_3)","decl":{"start":{"line":25,"column":12},"end":{"line":25,"column":13}},"loc":{"start":{"line":25,"column":18},"end":{"line":32,"column":3}},"line":25},"4":{"name":"(anonymous_4)","decl":{"start":{"line":33,"column":18},"end":{"line":33,"column":19}},"loc":{"start":{"line":33,"column":34},"end":{"line":38,"column":3}},"line":33},"5":{"name":"(anonymous_5)","decl":{"start":{"line":35,"column":40},"end":{"line":35,"column":41}},"loc":{"start":{"line":35,"column":58},"end":{"line":37,"column":5}},"line":35},"6":{"name":"(anonymous_6)","decl":{"start":{"line":39,"column":53},"end":{"line":39,"column":54}},"loc":{"start":{"line":39,"column":63},"end":{"line":39,"column":77}},"line":39},"7":{"name":"(anonymous_7)","decl":{"start":{"line":40,"column":29},"end":{"line":40,"column":30}},"loc":{"start":{"line":40,"column":37},"end":{"line":62,"column":3}},"line":40},"8":{"name":"(anonymous_8)","decl":{"start":{"line":43,"column":28},"end":{"line":43,"column":29}},"loc":{"start":{"line":43,"column":38},"end":{"line":43,"column":52}},"line":43},"9":{"name":"(anonymous_9)","decl":{"start":{"line":50,"column":12},"end":{"line":50,"column":13}},"loc":{"start":{"line":51,"column":8},"end":{"line":51,"column":77}},"line":51},"10":{"name":"(anonymous_10)","decl":{"start":{"line":51,"column":27},"end":{"line":51,"column":28}},"loc":{"start":{"line":51,"column":38},"end":{"line":51,"column":74}},"line":51},"11":{"name":"(anonymous_11)","decl":{"start":{"line":53,"column":13},"end":{"line":53,"column":14}},"loc":{"start":{"line":53,"column":24},"end":{"line":61,"column":7}},"line":53},"12":{"name":"(anonymous_12)","decl":{"start":{"line":57,"column":19},"end":{"line":57,"column":20}},"loc":{"start":{"line":57,"column":25},"end":{"line":59,"column":9}},"line":57},"13":{"name":"(anonymous_13)","decl":{"start":{"line":60,"column":30},"end":{"line":60,"column":31}},"loc":{"start":{"line":60,"column":37},"end":{"line":60,"column":48}},"line":60},"14":{"name":"(anonymous_14)","decl":{"start":{"line":63,"column":22},"end":{"line":63,"column":23}},"loc":{"start":{"line":63,"column":39},"end":{"line":82,"column":3}},"line":63},"15":{"name":"(anonymous_15)","decl":{"start":{"line":78,"column":17},"end":{"line":78,"column":18}},"loc":{"start":{"line":78,"column":23},"end":{"line":80,"column":7}},"line":78},"16":{"name":"(anonymous_16)","decl":{"start":{"line":84,"column":20},"end":{"line":84,"column":21}},"loc":{"start":{"line":84,"column":26},"end":{"line":96,"column":3}},"line":84},"17":{"name":"(anonymous_17)","decl":{"start":{"line":90,"column":32},"end":{"line":90,"column":33}},"loc":{"start":{"line":90,"column":48},"end":{"line":90,"column":73}},"line":90},"18":{"name":"(anonymous_18)","decl":{"start":{"line":91,"column":32},"end":{"line":91,"column":33}},"loc":{"start":{"line":91,"column":48},"end":{"line":91,"column":73}},"line":91},"19":{"name":"(anonymous_19)","decl":{"start":{"line":98,"column":19},"end":{"line":98,"column":20}},"loc":{"start":{"line":99,"column":4},"end":{"line":101,"column":15}},"line":99},"20":{"name":"(anonymous_20)","decl":{"start":{"line":117,"column":25},"end":{"line":117,"column":26}},"loc":{"start":{"line":117,"column":31},"end":{"line":117,"column":51}},"line":117},"21":{"name":"(anonymous_21)","decl":{"start":{"line":122,"column":25},"end":{"line":122,"column":26}},"loc":{"start":{"line":123,"column":10},"end":{"line":127,"column":12}},"line":123},"22":{"name":"(anonymous_22)","decl":{"start":{"line":126,"column":30},"end":{"line":126,"column":31}},"loc":{"start":{"line":126,"column":36},"end":{"line":126,"column":63}},"line":126}},"branchMap":{"0":{"loc":{"start":{"line":27,"column":4},"end":{"line":31,"column":5}},"type":"if","locations":[{"start":{"line":27,"column":4},"end":{"line":31,"column":5}},{"start":{},"end":{}}],"line":27},"1":{"loc":{"start":{"line":39,"column":22},"end":{"line":39,"column":78}},"type":"cond-expr","locations":[{"start":{"line":39,"column":32},"end":{"line":39,"column":37}},{"start":{"line":39,"column":40},"end":{"line":39,"column":78}}],"line":39},"2":{"loc":{"start":{"line":51,"column":38},"end":{"line":51,"column":74}},"type":"cond-expr","locations":[{"start":{"line":51,"column":55},"end":{"line":51,"column":59}},{"start":{"line":51,"column":62},"end":{"line":51,"column":74}}],"line":51},"3":{"loc":{"start":{"line":108,"column":7},"end":{"line":108,"column":27}},"type":"binary-expr","locations":[{"start":{"line":108,"column":7},"end":{"line":108,"column":12}},{"start":{"line":108,"column":16},"end":{"line":108,"column":27}}],"line":108},"4":{"loc":{"start":{"line":109,"column":7},"end":{"line":114,"column":7}},"type":"binary-expr","locations":[{"start":{"line":109,"column":7},"end":{"line":109,"column":11}},{"start":{"line":110,"column":8},"end":{"line":113,"column":14}}],"line":109},"5":{"loc":{"start":{"line":118,"column":16},"end":{"line":118,"column":45}},"type":"cond-expr","locations":[{"start":{"line":118,"column":26},"end":{"line":118,"column":37}},{"start":{"line":118,"column":40},"end":{"line":118,"column":45}}],"line":118}},"s":{"0":0,"1":0,"2":0,"3":0,"4":0,"5":0,"6":0,"7":0,"8":0,"9":0,"10":0,"11":0,"12":0,"13":0,"14":0,"15":0,"16":0,"17":0,"18":0,"19":0,"20":0,"21":0,"22":0,"23":0,"24":0,"25":0,"26":0,"27":0,"28":0,"29":0,"30":0,"31":0,"32":0,"33":0,"34":0,"35":0,"36":0,"37":0,"38":0,"39":0,"40":0,"41":0,"42":0,"43":0,"44":0,"45":0,"46":0,"47":0,"48":0,"49":0,"50":0,"51":0,"52":0,"53":0,"54":0,"55":0,"56":0,"57":0,"58":0,"59":0},"f":{"0":0,"1":0,"2":0,"3":0,"4":0,"5":0,"6":0,"7":0,"8":0,"9":0,"10":0,"11":0,"12":0,"13":0,"14":0,"15":0,"16":0,"17":0,"18":0,"19":0,"20":0,"21":0,"22":0},"b":{"0":[0,0],"1":[0,0],"2":[0,0],"3":[0,0],"4":[0,0],"5":[0,0]}}
,"D:\\ReactProjects\\fullstackopen\\part2\\notes\\src\\main.jsx": {"path":"D:\\ReactProjects\\fullstackopen\\part2\\notes\\src\\main.jsx","statementMap":{"0":{"start":{"line":5,"column":0},"end":{"line":5,"column":69}}},"fnMap":{},"branchMap":{},"s":{"0":0},"f":{},"b":{}}
,"D:\\ReactProjects\\fullstackopen\\part2\\notes\\src\\components\\Footer.jsx": {"path":"D:\\ReactProjects\\fullstackopen\\part2\\notes\\src\\components\\Footer.jsx","statementMap":{"0":{"start":{"line":1,"column":15},"end":{"line":15,"column":1}},"1":{"start":{"line":2,"column":22},"end":{"line":6,"column":3}},"2":{"start":{"line":7,"column":2},"end":{"line":14,"column":4}}},"fnMap":{"0":{"name":"(anonymous_0)","decl":{"start":{"line":1,"column":15},"end":{"line":1,"column":16}},"loc":{"start":{"line":1,"column":21},"end":{"line":15,"column":1}},"line":1}},"branchMap":{},"s":{"0":0,"1":0,"2":0},"f":{"0":0},"b":{}}
,"D:\\ReactProjects\\fullstackopen\\part2\\notes\\src\\components\\LoginForm.jsx": {"path":"D:\\ReactProjects\\fullstackopen\\part2\\notes\\src\\components\\LoginForm.jsx","statementMap":{"0":{"start":{"line":1,"column":18},"end":{"line":31,"column":1}},"1":{"start":{"line":8,"column":2},"end":{"line":30,"column":4}}},"fnMap":{"0":{"name":"(anonymous_0)","decl":{"start":{"line":1,"column":18},"end":{"line":1,"column":19}},"loc":{"start":{"line":7,"column":6},"end":{"line":31,"column":1}},"line":7}},"branchMap":{},"s":{"0":0,"1":0},"f":{"0":0},"b":{}}
,"D:\\ReactProjects\\fullstackopen\\part2\\notes\\src\\components\\Note.jsx": {"path":"D:\\ReactProjects\\fullstackopen\\part2\\notes\\src\\components\\Note.jsx","statementMap":{"0":{"start":{"line":1,"column":13},"end":{"line":9,"column":1}},"1":{"start":{"line":2,"column":16},"end":{"line":2,"column":72}},"2":{"start":{"line":3,"column":2},"end":{"line":8,"column":4}}},"fnMap":{"0":{"name":"(anonymous_0)","decl":{"start":{"line":1,"column":13},"end":{"line":1,"column":14}},"loc":{"start":{"line":1,"column":45},"end":{"line":9,"column":1}},"line":1}},"branchMap":{"0":{"loc":{"start":{"line":2,"column":16},"end":{"line":2,"column":72}},"type":"cond-expr","locations":[{"start":{"line":2,"column":33},"end":{"line":2,"column":53}},{"start":{"line":2,"column":56},"end":{"line":2,"column":72}}],"line":2}},"s":{"0":1,"1":2,"2":2},"f":{"0":2},"b":{"0":[2,0]},"_coverageSchema":"1a1c01bbd47fc00a2c39e90264f33305004495a9","hash":"e8f1eb904a4b18f5b32b3601136614df810b0c8a"}
,"D:\\ReactProjects\\fullstackopen\\part2\\notes\\src\\components\\NoteForm.jsx": {"path":"D:\\ReactProjects\\fullstackopen\\part2\\notes\\src\\components\\NoteForm.jsx","statementMap":{"0":{"start":{"line":3,"column":17},"end":{"line":27,"column":1}},"1":{"start":{"line":4,"column":32},"end":{"line":4,"column":44}},"2":{"start":{"line":6,"column":23},"end":{"line":8,"column":3}},"3":{"start":{"line":7,"column":4},"end":{"line":7,"column":31}},"4":{"start":{"line":9,"column":19},"end":{"line":16,"column":3}},"5":{"start":{"line":10,"column":4},"end":{"line":10,"column":23}},"6":{"start":{"line":11,"column":4},"end":{"line":14,"column":7}},"7":{"start":{"line":15,"column":4},"end":{"line":15,"column":19}},"8":{"start":{"line":17,"column":2},"end":{"line":26,"column":4}}},"fnMap":{"0":{"name":"(anonymous_0)","decl":{"start":{"line":3,"column":17},"end":{"line":3,"column":18}},"loc":{"start":{"line":3,"column":37},"end":{"line":27,"column":1}},"line":3},"1":{"name":"(anonymous_1)","decl":{"start":{"line":6,"column":23},"end":{"line":6,"column":24}},"loc":{"start":{"line":6,"column":30},"end":{"line":8,"column":3}},"line":6},"2":{"name":"(anonymous_2)","decl":{"start":{"line":9,"column":19},"end":{"line":9,"column":20}},"loc":{"start":{"line":9,"column":26},"end":{"line":16,"column":3}},"line":9}},"branchMap":{},"s":{"0":1,"1":19,"2":19,"3":17,"4":19,"5":1,"6":1,"7":1,"8":19},"f":{"0":19,"1":17,"2":1},"b":{},"_coverageSchema":"1a1c01bbd47fc00a2c39e90264f33305004495a9","hash":"c122380bbf27d197f302f3ccc1fdf634323dcb60"}
,"D:\\ReactProjects\\fullstackopen\\part2\\notes\\src\\components\\Notification.jsx": {"path":"D:\\ReactProjects\\fullstackopen\\part2\\notes\\src\\components\\Notification.jsx","statementMap":{"0":{"start":{"line":1,"column":21},"end":{"line":6,"column":1}},"1":{"start":{"line":2,"column":2},"end":{"line":4,"column":3}},"2":{"start":{"line":3,"column":4},"end":{"line":3,"column":16}},"3":{"start":{"line":5,"column":2},"end":{"line":5,"column":48}}},"fnMap":{"0":{"name":"(anonymous_0)","decl":{"start":{"line":1,"column":21},"end":{"line":1,"column":22}},"loc":{"start":{"line":1,"column":38},"end":{"line":6,"column":1}},"line":1}},"branchMap":{"0":{"loc":{"start":{"line":2,"column":2},"end":{"line":4,"column":3}},"type":"if","locations":[{"start":{"line":2,"column":2},"end":{"line":4,"column":3}},{"start":{},"end":{}}],"line":2}},"s":{"0":0,"1":0,"2":0,"3":0},"f":{"0":0},"b":{"0":[0,0]}}
,"D:\\ReactProjects\\fullstackopen\\part2\\notes\\src\\components\\Toggable.jsx": {"path":"D:\\ReactProjects\\fullstackopen\\part2\\notes\\src\\components\\Toggable.jsx","statementMap":{"0":{"start":{"line":8,"column":17},"end":{"line":32,"column":2}},"1":{"start":{"line":9,"column":46},"end":{"line":9,"column":61}},"2":{"start":{"line":11,"column":27},"end":{"line":13,"column":3}},"3":{"start":{"line":12,"column":4},"end":{"line":12,"column":39}},"4":{"start":{"line":14,"column":24},"end":{"line":14,"column":65}},"5":{"start":{"line":15,"column":28},"end":{"line":15,"column":69}},"6":{"start":{"line":16,"column":2},"end":{"line":20,"column":5}},"7":{"start":{"line":17,"column":4},"end":{"line":19,"column":6}},"8":{"start":{"line":21,"column":2},"end":{"line":31,"column":4}},"9":{"start":{"line":33,"column":0},"end":{"line":33,"column":34}}},"fnMap":{"0":{"name":"(anonymous_0)","decl":{"start":{"line":8,"column":28},"end":{"line":8,"column":29}},"loc":{"start":{"line":8,"column":45},"end":{"line":32,"column":1}},"line":8},"1":{"name":"(anonymous_1)","decl":{"start":{"line":11,"column":27},"end":{"line":11,"column":28}},"loc":{"start":{"line":11,"column":33},"end":{"line":13,"column":3}},"line":11},"2":{"name":"(anonymous_2)","decl":{"start":{"line":16,"column":28},"end":{"line":16,"column":29}},"loc":{"start":{"line":16,"column":34},"end":{"line":20,"column":3}},"line":16}},"branchMap":{"0":{"loc":{"start":{"line":14,"column":35},"end":{"line":14,"column":63}},"type":"cond-expr","locations":[{"start":{"line":14,"column":52},"end":{"line":14,"column":58}},{"start":{"line":14,"column":61},"end":{"line":14,"column":63}}],"line":14},"1":{"loc":{"start":{"line":15,"column":39},"end":{"line":15,"column":67}},"type":"cond-expr","locations":[{"start":{"line":15,"column":56},"end":{"line":15,"column":58}},{"start":{"line":15,"column":61},"end":{"line":15,"column":67}}],"line":15}},"s":{"0":1,"1":7,"2":7,"3":3,"4":7,"5":7,"6":7,"7":0,"8":7,"9":1},"f":{"0":7,"1":3,"2":0},"b":{"0":[2,5],"1":[2,5]},"_coverageSchema":"1a1c01bbd47fc00a2c39e90264f33305004495a9","hash":"31eb05f957423b6f3ac83858082c15a9e11ca260"}
,"D:\\ReactProjects\\fullstackopen\\part2\\notes\\src\\services\\login.js": {"path":"D:\\ReactProjects\\fullstackopen\\part2\\notes\\src\\services\\login.js","statementMap":{"0":{"start":{"line":2,"column":16},"end":{"line":2,"column":28}},"1":{"start":{"line":4,"column":14},"end":{"line":7,"column":1}},"2":{"start":{"line":5,"column":19},"end":{"line":5,"column":57}},"3":{"start":{"line":6,"column":2},"end":{"line":6,"column":23}}},"fnMap":{"0":{"name":"(anonymous_0)","decl":{"start":{"line":4,"column":14},"end":{"line":4,"column":15}},"loc":{"start":{"line":4,"column":37},"end":{"line":7,"column":1}},"line":4}},"branchMap":{},"s":{"0":0,"1":0,"2":0,"3":0},"f":{"0":0},"b":{}}
,"D:\\ReactProjects\\fullstackopen\\part2\\notes\\src\\services\\notes.js": {"path":"D:\\ReactProjects\\fullstackopen\\part2\\notes\\src\\services\\notes.js","statementMap":{"0":{"start":{"line":3,"column":16},"end":{"line":3,"column":28}},"1":{"start":{"line":5,"column":12},"end":{"line":5,"column":16}},"2":{"start":{"line":6,"column":17},"end":{"line":8,"column":1}},"3":{"start":{"line":7,"column":2},"end":{"line":7,"column":31}},"4":{"start":{"line":9,"column":15},"end":{"line":17,"column":1}},"5":{"start":{"line":10,"column":18},"end":{"line":10,"column":36}},"6":{"start":{"line":11,"column":22},"end":{"line":15,"column":3}},"7":{"start":{"line":16,"column":2},"end":{"line":16,"column":71}},"8":{"start":{"line":16,"column":36},"end":{"line":16,"column":69}},"9":{"start":{"line":19,"column":15},"end":{"line":26,"column":1}},"10":{"start":{"line":20,"column":17},"end":{"line":22,"column":3}},"11":{"start":{"line":24,"column":19},"end":{"line":24,"column":62}},"12":{"start":{"line":25,"column":2},"end":{"line":25,"column":23}},"13":{"start":{"line":28,"column":15},"end":{"line":31,"column":1}},"14":{"start":{"line":29,"column":18},"end":{"line":29,"column":58}},"15":{"start":{"line":30,"column":2},"end":{"line":30,"column":51}},"16":{"start":{"line":30,"column":36},"end":{"line":30,"column":49}}},"fnMap":{"0":{"name":"(anonymous_0)","decl":{"start":{"line":6,"column":17},"end":{"line":6,"column":18}},"loc":{"start":{"line":6,"column":31},"end":{"line":8,"column":1}},"line":6},"1":{"name":"(anonymous_1)","decl":{"start":{"line":9,"column":15},"end":{"line":9,"column":16}},"loc":{"start":{"line":9,"column":21},"end":{"line":17,"column":1}},"line":9},"2":{"name":"(anonymous_2)","decl":{"start":{"line":16,"column":22},"end":{"line":16,"column":23}},"loc":{"start":{"line":16,"column":36},"end":{"line":16,"column":69}},"line":16},"3":{"name":"(anonymous_3)","decl":{"start":{"line":19,"column":15},"end":{"line":19,"column":16}},"loc":{"start":{"line":19,"column":35},"end":{"line":26,"column":1}},"line":19},"4":{"name":"(anonymous_4)","decl":{"start":{"line":28,"column":15},"end":{"line":28,"column":16}},"loc":{"start":{"line":28,"column":34},"end":{"line":31,"column":1}},"line":28},"5":{"name":"(anonymous_5)","decl":{"start":{"line":30,"column":22},"end":{"line":30,"column":23}},"loc":{"start":{"line":30,"column":36},"end":{"line":30,"column":49}},"line":30}},"branchMap":{},"s":{"0":0,"1":0,"2":0,"3":0,"4":0,"5":0,"6":0,"7":0,"8":0,"9":0,"10":0,"11":0,"12":0,"13":0,"14":0,"15":0,"16":0},"f":{"0":0,"1":0,"2":0,"3":0,"4":0,"5":0},"b":{}}
}
